This file contains any messages produced by compilers while
running configure, to aid debugging if configure makes a mistake.

It was created by libdfp configure 0.0.1, which was
generated by GNU Autoconf 2.61.  Invocation command line was

  $ ./configure --with-cpu=power6

## --------- ##
## Platform. ##
## --------- ##

hostname = begna
uname -m = ppc64
uname -r = 2.6.16.53-0.16.bk2-ppc64
uname -s = Linux
uname -v = #1 SMP Tue Oct 2 11:57:49 CDT 2007

/usr/bin/uname -p = unknown
/bin/uname -X     = unknown

/bin/arch              = ppc64
/usr/bin/arch -k       = unknown
/usr/convex/getsysinfo = unknown
/usr/bin/hostinfo      = unknown
/bin/machine           = unknown
/usr/bin/oslevel       = unknown
/bin/universe          = unknown

PATH: /usr/local/svn/bin
PATH: /home/ryanarn/ppc64-tc-utils/trunk/utils/chroot
PATH: /home/ryanarn/ppc64-tc-utils/trunk/utils/glibc
PATH: /home/ryanarn//bin
PATH: /opt/ibm/java2-ppc-50/bin
PATH: /opt/csm/bin
PATH: /home/ryanarn//bin
PATH: /usr/local/bin
PATH: /usr/bin
PATH: /usr/X11R6/bin
PATH: /bin
PATH: /usr/games
PATH: /opt/bin
PATH: /opt/gnome/bin
PATH: /opt/kde3/bin
PATH: /usr/local/delta/bin
PATH: /usr/local/gcc-tools/bin
PATH: /usr/local/git/bin
PATH: /opt/ibmcmp/vac/10.1/bin
PATH: /opt/ibmcmp/vacpp/10.1/bin
PATH: /opt/ibmcmp/xlf/12.1/bin
PATH: /usr/lib/mit/bin
PATH: /usr/lib/mit/sbin
PATH: /usr/local/quilt/bin
PATH: /usr/local/svn/bin
PATH: /usr/local/valgrind/bin
PATH: /home/ryanarn/bin


## ----------- ##
## Core tests. ##
## ----------- ##

configure:1692: error: you must configure in a separate build directory

## ---------------- ##
## Cache variables. ##
## ---------------- ##

ac_cv_env_build_alias_set=
ac_cv_env_build_alias_value=
ac_cv_env_host_alias_set=
ac_cv_env_host_alias_value=
ac_cv_env_target_alias_set=
ac_cv_env_target_alias_value=

## ----------------- ##
## Output variables. ##
## ----------------- ##

DEFS=''
ECHO_C=''
ECHO_N='-n'
ECHO_T=''
LIBS=''
PACKAGE_BUGREPORT='rsa@us.ibm.com'
PACKAGE_NAME='libdfp'
PACKAGE_STRING='libdfp 0.0.1'
PACKAGE_TARNAME='libdfp'
PACKAGE_VERSION='0.0.1'
PATH_SEPARATOR=':'
SHELL='/bin/sh'
base_machine=''
bindir='${exec_prefix}/bin'
build=''
build_alias=''
build_cpu=''
build_os=''
build_vendor=''
datadir='${datarootdir}'
datarootdir='${prefix}/share'
dfp_backend=''
dfp_encoding=''
dfp_files=''
docdir='${datarootdir}/doc/${PACKAGE_TARNAME}'
dvidir='${docdir}'
exec_prefix='NONE'
host=''
host_alias=''
host_cpu=''
host_os=''
host_vendor=''
htmldir='${docdir}'
includedir='${prefix}/include'
infodir='${datarootdir}/info'
libdir='${exec_prefix}/lib'
libexecdir='${exec_prefix}/libexec'
localedir='${datarootdir}/locale'
localstatedir='${prefix}/var'
mandir='${datarootdir}/man'
oldincludedir='/usr/include'
override_dirs=''
pdfdir='${docdir}'
prefix='NONE'
program_transform_name='s,x,x,'
psdir='${docdir}'
sbindir='${exec_prefix}/sbin'
sharedstatedir='${prefix}/com'
submachine=''
sysconfdir='${prefix}/etc'
target_alias=''
with_dfp=''
with_fp=''

## ----------- ##
## confdefs.h. ##
## ----------- ##

#define PACKAGE_NAME "libdfp"
#define PACKAGE_TARNAME "libdfp"
#define PACKAGE_VERSION "0.0.1"
#define PACKAGE_STRING "libdfp 0.0.1"
#define PACKAGE_BUGREPORT "rsa@us.ibm.com"

configure: exit 1
